<!DOCTYPE html>
<html lang="en">
  <head>
    <meta charset="utf-8">
    <title>use.perl.org journal of Alias: More adventures in toolchain zanyness</title>
    <meta name="viewport" content="width=device-width, initial-scale=1.0">
    <meta name="description" content="">
    <meta name="author" content="">

    <!-- Le styles -->
    <link href="/static/css/bootstrap.css" rel="stylesheet">
    <style>
      body {
        padding-top: 60px; /* 60px to make the container go all the way to the
bottom of the topbar */
      }
    </style>
    <link href="/static/css/bootstrap-responsive.css" rel="stylesheet">

    <!-- Le HTML5 shim, for IE6-8 support of HTML5 elements -->
    <!--[if lt IE 9]>
      <script
src="http://html5shim.googlecode.com/svn/trunk/html5.js"></script>
    <![endif]-->

    <!-- Le fav and touch icons -->
    <link rel="shortcut icon" href="/static/ico/favicon.ico">
  </head>

  <body>

    <div class="navbar navbar-fixed-top">
      <div class="navbar-inner">
        <div class="container">
          <a class="btn btn-navbar" data-toggle="collapse"
data-target=".nav-collapse">
            <span class="icon-bar"></span>
            <span class="icon-bar"></span>
            <span class="icon-bar"></span>
          </a>
          <a class="brand" href="/"><img src="/static/img/slashhead.png"/></a>
          <div class="nav-collapse">
            <ul class="nav">
              <li><a href="/">Home</a></li>
              <li><a href="/about/">About</a></li>
              <li><a href="/authors/">Authors</a></li>
              <li><a href="/journals/">Journals</a></li>
              <li><a href="/stories/">Stories</a></li>
            </ul>
            <p class="navbar-text">All the Perl that's Practical to Extract and Report</p>
          </div><!--/.nav-collapse -->
        </div>
      </div>
    </div>



<div class="container">

<div class="row">

<div class="span4">
<h1>More adventures in toolchain zanyness</h1>
<h2><a href="/user/Alias/">Alias</a> on 2007-08-15T01:02:21</h2>
</div> <!-- /span4 -->


<div class="span8">
<p>RedHat Enterprise Linux 4 is a deeply zany platform.<br/><br/>I've been discovering all sorts of unusual bugs in otherwise stable and mature modules.<br/><br/>For example, running prove.<br/><br/>Ignoring the failure for a second, I find it quite weird that the default readdir order is backwards.
<code>
[adamk@dev1web05 k2]$ K2_TEST_WWW=XXXXXXXXX prove -r t
t/www/02_login....NOK 7
#   Failed test 'Page is loading'
#   at t/www/02_login.t line 52.
#     searched: "&lt;html\x{0a}&gt;&lt;head\x{0a}&gt;&lt;meta content="text/html; charset=IS"...
#   can't find: "Page is loading"
# Looks like you failed 1 test of 7.
t/www/02_login....dubious
        Test returned status 1 (wstat 256, 0x100)
DIED. FAILED test 7
        Failed 1/7 tests, 85.71% okay
t/www/01_index....ok
t/02_compile......ok
t/01_config.......ok
Failed Test      Stat Wstat Total Fail  Failed  List of Failed
-------------------------------------------------------------------------------
t/www/02_login.t    1   256     7    1  14.29%  7
Failed 1/4 test scripts, 75.00% okay. 1/18 subtests failed, 94.44% okay.
</code><br/><br/>Test::Simple is a very mature and stable module, at the core of Perl's ability to run unit tests and a dependency for more of CPAN... except that it fails tests on RedHat Enterprise Linux 4.<br/><br/><code>
...
t/skipall.................ok
t/sort_bug................dubious
        Test returned status 255 (wstat -1, 0xffffffff)
        after all the subtests completed successfully
t/tbt_01basic.............ok
t/tbt_02fhrestore.........ok
t/tbt_03die...............ok
t/tbt_04line_num..........ok
t/tbt_05faildiag..........ok
t/tbt_06errormess.........ok
t/tbt_07args..............ok
t/thread_taint............ok
t/threads.................dubious
        Test returned status 255 (wstat -1, 0xffffffff)
        after all the subtests completed successfully
t/todo....................ok
...
</code><br/><br/>For some reason threads are making the apparent return value to be 255, even when the test script has an explicit exit(0) in it.<br/><br/>And then there's Scalar::Util. I'm not sure if this is a problem in other places without the compiled version of Scalar::Util, but it appears that the "blessed" function has problems with one of the more evil tests in Params::Util, causing tests to fail for Params::Util.<br/><br/>The relevant test statements are<br/><br/><code>
my $false_obj2 = bless \do { my $i } => "\0";<br/><br/>is( _INVOCANT($false_obj2), 1, 'Null-class blessed object is an invocant' );
</code><br/><br/>I'm sure there's more oddities hidden in here I haven't found yet, so the Adventure in Toolchain Zanyness will surely continue.<br/><br/>Whatever it is that this OS is tickling, I'd love to see it fixed, so if anybody has a legal license of RHEL 4 I think it would be VERY useful to get a CPAN Testers installation running on it.
</p>


<hr/>



<h2>Test::Simple</h2>
<h3><a href="/user/Mr. Muskrat/">Mr. Muskrat</a> on 2007-08-16T14:30:39</h3>
<p>Different results but still a failure.</p>
<p><p><blockquote> <div><tt> &gt;8 snip<br>t/skipall.................ok<br>t/sort_bug................dubious<br>&nbsp; &nbsp; &nbsp; &nbsp; Test returned status 0 (wstat 11, 0xb)<br>DIED. FAILED tests 1-2<br>&nbsp; &nbsp; &nbsp; &nbsp; Failed 2/2 tests, 0.00% okay<br>t/tbt_01basic.............ok<br>t/tbt_02fhrestore.........ok<br>t/tbt_03die..<nobr>.<wbr></nobr> <nobr> <wbr></nobr>............ok<br>t/tbt_04line_num..........ok<br>t/tbt_05faildiag..........ok<br>t/t<nobr>b<wbr></nobr>  t_06errormess.........ok<br>t/tbt_07args..............ok<br>t/thread_taint.........<nobr>.<wbr></nobr> <nobr> <wbr></nobr>..ok<br>t/threads.................ok<br>t/todo....................ok<br>t/undef......<nobr>.<wbr></nobr> <nobr> <wbr></nobr>............ok<br>t/use_ok..................ok<br>t/useing..................ok<br>Fai<nobr>l<wbr></nobr>  ed Test&nbsp; Stat Wstat Total Fail&nbsp; Failed&nbsp; List of Failed<br>-----------------------------------------------------------------------<nobr>-<wbr></nobr>  -------------------------------------------------------------------------------<nobr>-<wbr></nobr>  ----<br>t/sort_bug.t&nbsp; &nbsp; 0&nbsp; &nbsp; 11&nbsp; &nbsp; &nbsp;2&nbsp; &nbsp; 4 200.00%&nbsp; 1-2<br>4 tests and 10 subtests skipped.<br>Failed 1/66 test scripts, 98.48% okay. 2/491 subtests failed, 99.59% okay.<br>make: *** [test_dynamic] Error 255<br>&nbsp;<nobr> <wbr></nobr>/usr/bin/make test -- NOT OK<br>Running make install<br>&nbsp; make test had returned bad status, won't install without force</tt></div> </blockquote>





</div> <!-- /span8 -->

</div> <!-- row -->
</div> <!-- /container -->



    <!-- Le javascript
    ================================================== -->
    <!-- Placed at the end of the document so the pages load faster -->

  </body>
</html>

